<?xml version="1.0" encoding="UTF-8"?>
<!-- Generated by org.testng.reporters.JUnitXMLReporter -->
<testsuite ignored="0" hostname="LAPTOP-FEIMH1AV" failures="2" tests="3" name="Test" time="12.534" errors="0" timestamp="19 Jan 2022 23:35:48 GMT">
  <testcase classname="com.ni.qa.testcases.OpeningPageTest" name="verifylogo" time="0.142"/>
  <testcase classname="com.ni.qa.testcases.OpeningPageTest" name="verifyclickauto" time="1.701">
    <failure type="java.lang.AssertionError" message="expected [Nationwide MultiQuote] but found []">
      <![CDATA[java.lang.AssertionError: expected [Nationwide MultiQuote] but found []
	at com.ni.qa.testcases.OpeningPageTest.verifyclickauto(OpeningPageTest.java:35)
... Removed 31 stack frames]]>
    </failure>
  </testcase> <!-- verifyclickauto -->
  <testcase classname="com.ni.qa.testcases.CarInfoPageTest" name="verifyClickonAgreebtn" time="3.076">
    <failure type="java.lang.NullPointerException" message="Cannot invoke &amp;quot;Object.getClass()&amp;quot; because &amp;quot;obj&amp;quot; is null">
      <![CDATA[java.lang.NullPointerException: Cannot invoke "Object.getClass()" because "obj" is null
	at org.openqa.selenium.support.pagefactory.internal.LocatingElementHandler.invoke(LocatingElementHandler.java:51)
	at jdk.proxy2/jdk.proxy2.$Proxy12.sendKeys(Unknown Source)
	at com.ni.qa.pages.CarInfoPage.InputInformation(CarInfoPage.java:45)
	at com.ni.qa.testcases.CarInfoPageTest.verifyClickonAgreebtn(CarInfoPageTest.java:22)
... Removed 26 stack frames]]>
    </failure>
  </testcase> <!-- verifyClickonAgreebtn -->
</testsuite> <!-- Test -->
